build/app/outputs/mapping/release/configuration.txt
# The proguard configuration file for the following section is default_proguard_files/global/proguard-android-optimize.txt-8.1.0
# This is a configuration file for ProGuard.
# http://proguard.sourceforge.net/index.html#manual/usage.html
#
# Starting with version 2.2 of the Android plugin for Gradle, this file is distributed together with
# the plugin and unpacked at build-time. The files in $ANDROID_HOME are no longer maintained and
# will be ignored by new version of the Android plugin for Gradle.

# Optimizations: If you don't want to optimize, use the proguard-android.txt configuration file
# instead of this one, which turns off the optimization flags.
# Adding optimization introduces certain risks, since for example not all optimizations performed by
# ProGuard works on all versions of Dalvik.  The following flags turn off various optimizations
# known to have issues, but the list may not be complete or up to date. (The "arithmetic"
# optimization can be used if you are only targeting Android 2.0 or later.)  Make sure you test
# thoroughly if you go this route.
-optimizations !code/simplification/arithmetic,!code/simplification/cast,!field/*,!class/merging/*
-optimizationpasses 5
-allowaccessmodification

-dontusemixedcaseclassnames
-dontskipnonpubliclibraryclasses
-verbose

# Preserve some attributes that may be required for reflection.
-keepattributes AnnotationDefault,
                EnclosingMethod,
                InnerClasses,
                RuntimeVisibleAnnotations,
                RuntimeVisibleParameterAnnotations,
                RuntimeVisibleTypeAnnotations,
                Signature

-keep public class com.google.vending.licensing.ILicensingService
-keep public class com.android.vending.licensing.ILicensingService
-keep public class com.google.android.vending.licensing.ILicensingService
-dontnote com.android.vending.licensing.ILicensingService
-dontnote com.google.vending.licensing.ILicensingService
-dontnote com.google.android.vending.licensing.ILicensingService

# For native methods, see http://proguard.sourceforge.net/manual/examples.html#native
-keepclasseswithmembernames,includedescriptorclasses class * {
    native <methods>;
}

# Keep setters in Views so that animations can still work.
-keepclassmembers public class * extends android.view.View {
    void set*(***);
    *** get*();
}

# We want to keep methods in Activity that could be used in the XML attribute onClick.
-keepclassmembers class * extends android.app.Activity {
    public void *(android.view.View);
}

# For enumeration classes, see http://proguard.sourceforge.net/manual/examples.html#enumerations
-keepclassmembers enum * {
    public static **[] values();
    public static ** valueOf(java.lang.String);
}

-keepclassmembers class * implements android.os.Parcelable {
    public static final ** CREATOR;
}

# Preserve annotated Javascript interface methods.
-keepclassmembers class * {
    @android.webkit.JavascriptInterface <methods>;
}

# The support libraries contains references to newer platform versions.
# Don't warn about those in case this app is linking against an older
# platform version. We know about them, and they are safe.
-dontnote android.support.**
-dontnote androidx.**
-dontwarn android.support.**
-dontwarn androidx.**

# This class is deprecated, but remains for backward compatibility.
-dontwarn android.util.FloatMath

# Understand the @Keep support annotation.
-keep class android.support.annotation.Keep
-keep class androidx.annotation.Keep

-keep @android.support.annotation.Keep class * {*;}
-keep @androidx.annotation.Keep class * {*;}

-keepclasseswithmembers class * {
    @android.support.annotation.Keep <methods>;
}

-keepclasseswithmembers class * {
    @androidx.annotation.Keep <methods>;
}

-keepclasseswithmembers class * {
    @android.support.annotation.Keep <fields>;
}

-keepclasseswithmembers class * {
    @androidx.annotation.Keep <fields>;
}

-keepclasseswithmembers class * {
    @android.support.annotation.Keep <init>(...);
}

-keepclasseswithmembers class * {
    @androidx.annotation.Keep <init>(...);
}

# These classes are duplicated between android.jar and org.apache.http.legacy.jar.
-dontnote org.apache.http.**
-dontnote android.net.http.**

# These classes are duplicated between android.jar and core-lambda-stubs.jar.
-dontnote java.lang.invoke.**

# End of content from default_proguard_files/global/proguard-android-optimize.txt-8.1.0
# The proguard configuration file for the following section is flutter_tools/gradle/flutter_proguard_rules.pro
# Build the ephemeral app in a module project.
# Prevents: Warning: library class <plugin-package> depends on program class io.flutter.plugin.**
# This is due to plugins (libraries) depending on the embedding (the program jar)
-dontwarn io.flutter.plugin.**

# The android.** package is provided by the OS at runtime.
-dontwarn android.**

# In some cases, R8 is incorrectly stripping plugin classes. Keep
# all implementations of FlutterPlugin until we can determine
# why this is the case.
# See https://github.com/flutter/flutter/issues/154580.
-if class * implements io.flutter.embedding.engine.plugins.FlutterPlugin
-keep,allowshrinking,allowobfuscation class <1>

# End of content from flutter_tools/gradle/flutter_proguard_rules.pro
# The proguard configuration file for the following section is aapt_proguard_file/release/aapt_rules.txt
-keep class android.app.Application { <init>(); }
-keep class androidx.core.app.CoreComponentFactory { <init>(); }
-keep class androidx.profileinstaller.ProfileInstallReceiver { <init>(); }
-keep class androidx.startup.InitializationProvider { <init>(); }
-keep class com.example.ai_powered_plant_disease_detector.MainActivity { <init>(); }
-keep class com.google.android.datatransport.runtime.backends.TransportBackendDiscovery { <init>(); }
-keep class com.google.android.datatransport.runtime.scheduling.jobscheduling.AlarmManagerSchedulerBroadcastReceiver { <init>(); }
-keep class com.google.android.datatransport.runtime.scheduling.jobscheduling.JobInfoSchedulerService { <init>(); }
-keep class com.google.android.gms.common.api.GoogleApiActivity { <init>(); }
-keep class com.google.android.gms.metadata.ModuleDependencies { <init>(); }
-keep class com.google.firebase.components.ComponentDiscoveryService { <init>(); }
-keep class com.google.firebase.iid.FirebaseInstanceIdReceiver { <init>(); }
-keep class com.google.firebase.provider.FirebaseInitProvider { <init>(); }
-keep class com.google.mlkit.common.internal.MlKitComponentDiscoveryService { <init>(); }
-keep class com.google.mlkit.common.internal.MlKitInitProvider { <init>(); }
-keep class io.flutter.plugins.imagepicker.ImagePickerFileProvider { <init>(); }
-keep class android.widget.Space { <init>(android.content.Context, android.util.AttributeSet); }

-keep class androidx.appcompat.app.AlertController$RecycleListView { <init>(android.content.Context, android.util.AttributeSet); }

-keep class androidx.appcompat.view.menu.ActionMenuItemView { <init>(android.content.Context, android.util.AttributeSet); }

-keep class androidx.appcompat.view.menu.ExpandedMenuView { <init>(android.content.Context, android.util.AttributeSet); }

-keep class androidx.appcompat.view.menu.ListMenuItemView { <init>(android.content.Context, android.util.AttributeSet); }

-keep class androidx.appcompat.widget.ActionBarContainer { <init>(android.content.Context, android.util.AttributeSet); }

-keep class androidx.appcompat.widget.ActionBarContextView { <init>(android.content.Context, android.util.AttributeSet); }

-keep class androidx.appcompat.widget.ActionBarOverlayLayout { <init>(android.content.Context, android.util.AttributeSet); }

-keep class androidx.appcompat.widget.ActionMenuView { <init>(android.content.Context, android.util.AttributeSet); }

-keep class androidx.appcompat.widget.ActivityChooserView$InnerLayout { <init>(android.content.Context, android.util.AttributeSet); }

-keep class androidx.appcompat.widget.AlertDialogLayout { <init>(android.content.Context, android.util.AttributeSet); }

-keep class androidx.appcompat.widget.ButtonBarLayout { <init>(android.content.Context, android.util.AttributeSet); }

-keep class androidx.appcompat.widget.ContentFrameLayout { <init>(android.content.Context, android.util.AttributeSet); }

-keep class androidx.appcompat.widget.DialogTitle { <init>(android.content.Context, android.util.AttributeSet); }

-keep class androidx.appcompat.widget.FitWindowsFrameLayout { <init>(android.content.Context, android.util.AttributeSet); }

-keep class androidx.appcompat.widget.FitWindowsLinearLayout { <init>(android.content.Context, android.util.AttributeSet); }

-keep class androidx.appcompat.widget.SearchView$SearchAutoComplete { <init>(android.content.Context, android.util.AttributeSet); }

-keep class androidx.appcompat.widget.Toolbar { <init>(android.content.Context, android.util.AttributeSet); }

-keep class androidx.appcompat.widget.ViewStubCompat { <init>(android.content.Context, android.util.AttributeSet); }

-keep class androidx.core.widget.NestedScrollView { <init>(android.content.Context, android.util.AttributeSet); }


# End of content from aapt_proguard_file/release/aapt_rules.txt
# The proguard configuration file for the following section is release/lib0/proguard.txt
# The point of this package is to specify that a dependent plugin intends to
# use the AndroidX lifecycle classes. Make sure no R8 heuristics shrink classes
# brought in by the embedding's pom.
#
# This isn't strictly needed since by definition, plugins using Android
# lifecycles should implement DefaultLifecycleObserver and therefore keep it
# from being shrunk. But there seems to be an R8 bug so this needs to stay
# https://issuetracker.google.com/issues/142778206.
-keep class androidx.lifecycle.DefaultLifecycleObserver

# End of content from release/lib0/proguard.txt
# The proguard configuration file for the following section is transformed/jetified-vision-internal-vkp-18.2.3/proguard.txt
# We keep all fields for every generated proto file as the runtime uses
# reflection over them that ProGuard cannot detect. Without this keep
# rule, fields may be removed that would cause runtime failures.
-keepclassmembers class * extends com.google.android.gms.internal.mlkit_vision_internal_vkp.zzbel {
  <fields>;
}

# The rule below is needed for OKHTTP.
# Ignore annotation used for build tooling.
-dontwarn org.codehaus.mojo.animal_sniffer.IgnoreJRERequirement

# OkHttp3
# Taken from https://github.com/square/okhttp/blob/master/okhttp/src/main/resources/META-INF/proguard/okhttp3.pro
# Conscrypt is only used for the JVM version of OkHttp, not on Android.
-dontwarn org.conscrypt.**

# JSR 305 annotations are for embedding nullability information.
-dontwarn javax.annotation.**

# Animal Sniffer compileOnly dependency to ensure APIs are compatible with older versions of Java.
-dontwarn org.codehaus.mojo.animal_sniffer.*

# OkHttp platform used only on JVM and when Conscrypt and other security providers are available.
-dontwarn okhttp3.internal.platform.**
-dontwarn org.conscrypt.**
-dontwarn org.bouncycastle.**
-dontwarn org.openjsse.**

-dontwarn kotlin.jvm.internal.SourceDebugExtension

# This prevents the names of native methods from being obfuscated and prevents
# UnsatisfiedLinkErrors.
-keepclasseswithmembernames class * {
    native <methods>;
}

# End of content from transformed/jetified-vision-internal-vkp-18.2.3/proguard.txt
# The proguard configuration file for the following section is transformed/jetified-common-18.11.0/proguard.txt
# Annotations are implemented as attributes, so we have to explicitly keep them.
# Catch all which encompasses attributes like RuntimeVisibleParameterAnnotations
# and RuntimeVisibleTypeAnnotations
-keepattributes RuntimeVisible*Annotation*

# JNI is an entry point that's hard to keep track of, so there's
# an annotation to mark fields and methods used by native code.

# Keep the annotations that proguard needs to process.
-keep class com.google.android.apps.common.proguard.UsedBy*

# Just because native code accesses members of a class, does not mean that the
# class itself needs to be annotated - only annotate classes that are
# referenced themselves in native code.
-keep @com.google.android.apps.common.proguard.UsedBy* class * {
  <init>();
}
-keepclassmembers class * {
    @com.google.android.apps.common.proguard.UsedBy* *;
}

# End of content from transformed/jetified-common-18.11.0/proguard.txt
# The proguard configuration file for the following section is transformed/jetified-play-services-base-18.5.0/proguard.txt
# b/35135904 Ensure that proguard will not strip the mResultGuardian.
-keepclassmembers class com.google.android.gms.common.api.internal.BasePendingResult {
  com.google.android.gms.common.api.internal.BasePendingResult$ReleasableResultGuardian mResultGuardian;
}



# End of content from transformed/jetified-play-services-base-18.5.0/proguard.txt
# The proguard configuration file for the following section is transformed/jetified-firebase-common-19.3.0/proguard.txt
-dontwarn com.google.firebase.platforminfo.KotlinDetector

# End of content from transformed/jetified-firebase-common-19.3.0/proguard.txt
# The proguard configuration file for the following section is transformed/jetified-play-services-tasks-18.2.0/proguard.txt


# End of content from transformed/jetified-play-services-tasks-18.2.0/proguard.txt
# The proguard configuration file for the following section is transformed/jetified-play-services-basement-18.4.0/proguard.txt
# Needed when building against pre-Marshmallow SDK.
-dontwarn android.security.NetworkSecurityPolicy

# Needed when building against Marshmallow SDK.
-dontwarn android.app.Notification

# Protobuf has references not on the Android boot classpath
-dontwarn sun.misc.Unsafe
-dontwarn libcore.io.Memory

# Annotations used during internal SDK shrinking.
-dontwarn com.google.android.apps.common.proguard.UsedBy*
-dontwarn com.google.android.apps.common.proguard.SideEffectFree

# Annotations referenced by the SDK but whose definitions are contained in
# non-required dependencies.
-dontwarn javax.annotation.**
-dontwarn org.checkerframework.**
-dontwarn com.google.errorprone.annotations.**
-dontwarn org.jspecify.nullness.NullMarked

# Annotations no longer exist. Suppression prevents ProGuard failures in
# SDKs which depend on earlier versions of play-services-basement.
-dontwarn com.google.android.gms.common.util.VisibleForTesting

# Proguard flags for consumers of the Google Play services SDK
# https://developers.google.com/android/guides/setup#add_google_play_services_to_your_project

# Keep SafeParcelable NULL value, needed for reflection by DowngradeableSafeParcel
-keepclassmembers public class com.google.android.gms.common.internal.safeparcel.SafeParcelable {
    public static final *** NULL;
}

# Needed for Parcelable/SafeParcelable classes & their creators to not get renamed, as they are
# found via reflection.
-keep class com.google.android.gms.common.internal.ReflectedParcelable
-keepnames class * implements com.google.android.gms.common.internal.ReflectedParcelable
-keepclassmembers class * implements android.os.Parcelable {
  public static final *** CREATOR;
}

# Keep the classes/members we need for client functionality.
-keep @interface android.support.annotation.Keep
-keep @androidx.annotation.Keep class *
-keepclasseswithmembers class * {
  @androidx.annotation.Keep <fields>;
}
-keepclasseswithmembers class * {
  @androidx.annotation.Keep <methods>;
}

# Keep androidX equivalent of above android.support to allow Jetification.
-keep @interface androidx.annotation.Keep
-keep @androidx.annotation.Keep class *
-keepclasseswithmembers class * {
  @androidx.annotation.Keep <fields>;
}
-keepclasseswithmembers class * {
  @androidx.annotation.Keep <methods>;
}

# Keep the names of classes/members we need for client functionality.
-keep @interface com.google.android.gms.common.annotation.KeepName
-keepnames @com.google.android.gms.common.annotation.KeepName class *
-keepclassmembernames class * {
  @com.google.android.gms.common.annotation.KeepName *;
}

# Keep Dynamite API entry points
-keep @interface com.google.android.gms.common.util.DynamiteApi
-keep @com.google.android.gms.common.util.DynamiteApi public class * {
  public <fields>;
  public <methods>;
}



# End of content from transformed/jetified-play-services-basement-18.4.0/proguard.txt
# The proguard configuration file for the following section is transformed/appcompat-1.6.1/proguard.txt
# Copyright (C) 2018 The Android Open Source Project
#
# Licensed under the Apache License, Version 2.0 (the "License");
# you may not use this file except in compliance with the License.
# You may obtain a copy of the License at
#
#      http://www.apache.org/licenses/LICENSE-2.0
#
# Unless required by applicable law or agreed to in writing, software
# distributed under the License is distributed on an "AS IS" BASIS,
# WITHOUT WARRANTIES OR CONDITIONS OF ANY KIND, either express or implied.
# See the License for the specific language governing permissions and
# limitations under the License.

# aapt is not able to read app::actionViewClass and app:actionProviderClass to produce proguard
# keep rules. Add a commonly used SearchView to the keep list until b/109831488 is resolved.
-keep class androidx.appcompat.widget.SearchView { <init>(...); }

# Never inline methods, but allow shrinking and obfuscation.
-keepclassmembernames,allowobfuscation,allowshrinking class androidx.appcompat.widget.AppCompatTextViewAutoSizeHelper$Impl* {
  <methods>;
}

# End of content from transformed/appcompat-1.6.1/proguard.txt
# The proguard configuration file for the following section is transformed/fragment-1.7.1/proguard.txt
# Copyright (C) 2020 The Android Open Source Project
#
# Licensed under the Apache License, Version 2.0 (the "License");
# you may not use this file except in compliance with the License.
# You may obtain a copy of the License at
#
#      http://www.apache.org/licenses/LICENSE-2.0
#
# Unless required by applicable law or agreed to in writing, software
# distributed under the License is distributed on an "AS IS" BASIS,
# WITHOUT WARRANTIES OR CONDITIONS OF ANY KIND, either express or implied.
# See the License for the specific language governing permissions and
# limitations under the License.

# The default FragmentFactory creates Fragment instances using reflection
-if public class ** extends androidx.fragment.app.Fragment
-keepclasseswithmembers,allowobfuscation public class <1> {
    public <init>();
}

# FragmentTransition will reflectively lookup:
# androidx.transition.FragmentTransitionSupport
# We should ensure that we keep the constructor if the code using this is alive
-if class androidx.fragment.app.FragmentTransition {
   private static androidx.fragment.app.FragmentTransitionImpl resolveSupportImpl();
}
-keep class androidx.transition.FragmentTransitionSupport {
    public <init>();
}

# End of content from transformed/fragment-1.7.1/proguard.txt
# The proguard configuration file for the following section is transformed/jetified-window-1.2.0/proguard.txt
# Copyright (C) 2020 The Android Open Source Project
#
# Licensed under the Apache License, Version 2.0 (the "License");
# you may not use this file except in compliance with the License.
# You may obtain a copy of the License at
#
#      http://www.apache.org/licenses/LICENSE-2.0
#
# Unless required by applicable law or agreed to in writing, software
# distributed under the License is distributed on an "AS IS" BASIS,
# WITHOUT WARRANTIES OR CONDITIONS OF ANY KIND, either express or implied.
# See the License for the specific language governing permissions and
# limitations under the License.

# A rule that will keep classes that implement SidecarInterface$SidecarCallback if Sidecar seems
# be used. See b/157286362 and b/165268619 for details.