build/app/outputs/mapping/release/seeds.txt
com.example.ai_powered_plant_disease_detector.MainActivity
com.example.ai_powered_plant_disease_detector.MainActivity: MainActivity()
...
com.google.android.libraries.vision.visionkit.pipeline.zzu: java.lang.String zzf
io.flutter.view.AccessibilityViewEmbedder: java.util.Map embeddedViewToDisplayBounds
com.google.android.gms.internal.mlkit_vision_internal_vkp.zzqz: com.google.android.gms.internal.mlkit_vision_internal_vkp.zzqz zzb
com.google.android.gms.internal.mlkit_vision_internal_vkp.zzbkr: java.lang.String zzi
com.google.android.gms.internal.mlkit_vision_internal_vkp.zzbbn: int zzd
com.google.android.gms.internal.mlkit_vision_internal_vkp.zzbid: int zzd
com.google.android.gms.internal.mlkit_vision_internal_vkp.zzazq: int zzg
com.google.android.gms.internal.mlkit_vision_internal_vkp.zzdf: com.google.android.gms.internal.mlkit_vision_internal_vkp.zzhm zzg
com.google.android.gms.internal.mlkit_vision_internal_vkp.zzbbu: java.lang.String zze
com.google.android.gms.internal.mlkit_vision_internal_vkp.zzce: int zzd
com.google.android.gms.internal.mlkit_vision_internal_vkp.zzbbr: int zzt
com.google.android.gms.internal.mlkit_vision_internal_vkp.zzaar: int zzd
com.google.android.gms.internal.mlkit_vision_internal_vkp.zztr: com.google.android.gms.internal.mlkit_vision_internal_vkp.zzbet zzj
androidx.appcompat.widget.AppCompatTextView: android.view.ActionMode$Callback getCustomSelectionActionModeCallback()
androidx.appcompat.widget.SearchView: SearchView(android.content.Context,android.util.AttributeSet)
androidx.appcompat.view.menu.MenuPopupHelper$Api17Impl: void getRealSize(android.view.Display,android.graphics.Point)
com.google.android.gms.internal.mlkit_vision_label_bundled.zzbw: com.google.android.gms.internal.mlkit_vision_label_bundled.zzbw[] values()
io.flutter.embedding.engine.renderer.FlutterRenderer$ImageReaderSurfaceProducer: io.flutter.embedding.engine.renderer.FlutterRenderer$ImageReaderSurfaceProducer$PerImageReader access$800(io.flutter.embedding.engine.renderer.FlutterRenderer$ImageReaderSurfaceProducer)
kotlin.coroutines.intrinsics.CoroutineSingletons: kotlin.coroutines.intrinsics.CoroutineSingletons[] values()
androidx.appcompat.widget.AppCompatImageView: void setSupportBackgroundTintMode(android.graphics.PorterDuff$Mode)
androidx.appcompat.widget.AppCompatTextView: int getLastBaselineToBottomHeight()
com.google.android.gms.internal.mlkit_vision_label_bundled.zznt: com.google.android.gms.internal.mlkit_vision_label_bundled.zznt[] values()
com.google.mlkit.vision.common.internal.MobileVisionBase: void close()
androidx.appcompat.widget.AppCompatTextViewAutoSizeHelper$Impl: void computeAndSetTextDirection(android.text.StaticLayout$Builder,android.widget.TextView)
androidx.vectordrawable.graphics.drawable.VectorDrawableCompat$VFullPath: void setStrokeColor(int)
androidx.core.view.ViewConfigurationCompat$Api34Impl: int getScaledMaximumFlingVelocity(android.view.ViewConfiguration,int,int,int)
io.flutter.embedding.engine.systemchannels.LifecycleChannel$AppLifecycleState: io.flutter.embedding.engine.systemchannels.LifecycleChannel$AppLifecycleState[] values()
androidx.appcompat.widget.ActionBarContainer: void setSplitBackground(android.graphics.drawable.Drawable)
androidx.appcompat.widget.ActionBarContextView: int getAnimatedVisibility()
androidx.appcompat.widget.AppCompatAutoCompleteTextView: android.graphics.PorterDuff$Mode getSupportCompoundDrawablesTintMode()
androidx.appcompat.widget.Toolbar: int getContentInsetStart()
androidx.appcompat.widget.Toolbar: int getTitleMarginBottom()
androidx.core.app.NotificationCompatBuilder$Api31Impl: android.app.Notification$Builder setForegroundServiceBehavior(android.app.Notification$Builder,int)
androidx.core.widget.TextViewCompat$Api23Impl: int getBreakStrategy(android.widget.TextView)
androidx.appcompat.widget.AppCompatImageButton: void setSupportBackgroundTintList(android.content.res.ColorStateList)
androidx.appcompat.widget.ActionMenuView: void setOverflowReserved(boolean)