build/app/outputs/mapping/release/usage.txt
com.example.ai_powered_plant_disease_detector.R$drawable
com.example.ai_powered_plant_disease_detector.R$mipmap
com.example.ai_powered_plant_disease_detector.R$style
com.example.ai_powered_plant_disease_detector.R
com.example.ai_powered_plant_disease_detector.MainActivity:
    private static void $r8$constructor$io$flutter$embedding$android$FlutterActivity()
    public final synthetic bridge boolean attachToEngineAutomatically()
    public static boolean attachToEngineAutomatically$io$flutter$embedding$android$FlutterActivity()
    public static void cancelBackGesture()
    public static void cancelBackGesture$io$flutter$embedding$android$FlutterActivity()
    public final synthetic bridge void cleanUpFlutterEngine()
    public static void cleanUpFlutterEngine$io$flutter$embedding$android$FlutterActivity()
    public static void commitBackGesture()
    public static void commitBackGesture$io$flutter$embedding$android$FlutterActivity()
    public final void configureFlutterEngine()
    public static void configureFlutterEngine$io$flutter$embedding$android$FlutterActivity()
    public static void configureStatusBarForFullscreenFlutterExperience()
    public static void configureStatusBarForFullscreenFlutterExperience$io$flutter$embedding$android$FlutterActivity()
    public static void configureWindowForTransparency()
    public static void configureWindowForTransparency$io$flutter$embedding$android$FlutterActivity()
    public static android.view.View createFlutterView()
    public static android.view.View createFlutterView$io$flutter$embedding$android$FlutterActivity()
    public static android.window.OnBackInvokedCallback createOnBackInvokedCallback()
...
androidx.appcompat.widget.AppCompatTextHelper$Api24Impl:
    private void <init>()
androidx.appcompat.widget.AppCompatTextHelper$Api26Impl:
    private void <init>()
androidx.appcompat.widget.AppCompatTextHelper$Api28Impl:
    private void <init>()
androidx.appcompat.widget.AppCompatTextHelper:
    private static final int MONOSPACE
    private static final int SANS
    private static final int SERIF
    private static final int TEXT_FONT_WEIGHT_UNSPECIFIED
androidx.appcompat.widget.AppCompatTextView:
    public boolean isEmojiCompatEnabled()
androidx.appcompat.widget.AppCompatTextViewAutoSizeHelper$Api16Impl:
    private void <init>()
androidx.appcompat.widget.AppCompatTextViewAutoSizeHelper$Api18Impl:
    private void <init>()
androidx.appcompat.widget.AppCompatTextViewAutoSizeHelper$Api23Impl:
    private void <init>()
androidx.appcompat.widget.AppCompatTextViewAutoSizeHelper:
    private static final int DEFAULT_AUTO_SIZE_GRANULARITY_IN_PX
    private static final int DEFAULT_AUTO_SIZE_MAX_TEXT_SIZE_IN_SP
    private static final int DEFAULT_AUTO_SIZE_MIN_TEXT_SIZE_IN_SP
    private static final java.lang.String TAG
    static final float UNSET_AUTO_SIZE_UNIFORM_CONFIGURATION_VALUE
    private static final int VERY_WIDE
androidx.appcompat.widget.AppCompatToggleButton
androidx.appcompat.widget.ButtonBarLayout:
    private static final int PEEK_BUTTON_DP
androidx.appcompat.widget.ContentFrameLayout:
    public void <init>(android.content.Context)
    public void setDecorPadding(int,int,int,int)
androidx.appcompat.widget.DecorContentParent
androidx.appcompat.widget.DecorToolbar:
    public abstract void animateToVisibility(int)
    public abstract boolean canShowOverflowMenu()
    public abstract void collapseActionView()
    public abstract void dismissPopupMenus()
    public abstract android.content.Context getContext()
    public abstract android.view.View getCustomView()
    public abstract int getDisplayOptions()
    public abstract int getDropdownItemCount()
    public abstract int getDropdownSelectedPosition()
    public abstract int getHeight()
    public abstract android.view.Menu getMenu()
    public abstract int getNavigationMode()
    public abstract java.lang.CharSequence getSubtitle()
    public abstract android.view.ViewGroup getViewGroup()
    public abstract int getVisibility()
    public abstract boolean hasEmbeddedTabs()
    public abstract boolean hasExpandedActionView()
    public abstract boolean hasIcon()
    public abstract boolean hasLogo()
    public abstract boolean hideOverflowMenu()
    public abstract void initIndeterminateProgress()
    public abstract void initProgress()
    public abstract boolean isOverflowMenuShowPending()
    public abstract boolean isOverflowMenuShowing()
    public abstract boolean isTitleTruncated()
    public abstract void restoreHierarchyState(android.util.SparseArray)
    public abstract void saveHierarchyState(android.util.SparseArray)
    public abstract void setBackgroundDrawable(android.graphics.drawable.Drawable)
androidx.appcompat.widget.DialogTitle:
    public void <init>(android.content.Context)
    public void <init>(android.content.Context,android.util.AttributeSet,int)
androidx.appcompat.widget.DrawableUtils$Api18Impl
androidx.appcompat.widget.DrawableUtils$Api29Impl
androidx.appcompat.widget.DrawableUtils:
    private void <init>()
    public static android.graphics.Rect getOpticalBounds(android.graphics.drawable.Drawable)
androidx.appcompat.widget.DropDownListView$Api21Impl:
    private void <init>()
androidx.appcompat.widget.DropDownListView$Api30Impl:
    private void <init>()
androidx.appcompat.widget.DropDownListView$Api33Impl:
    private void <init>()
androidx.appcompat.widget.DropDownListView$PreApi33Impl:
    private void <init>()
androidx.appcompat.widget.DropDownListView:
    public static final int INVALID_POSITION
    public static final int NO_POSITION
    public int lookForSelectablePosition(int,boolean)